{"/app/constants.js": {"path":"/app/constants.js","statementMap":{"0":{"start":{"line":2,"column":0},"end":{"line":10,"column":1}}},"fnMap":{},"branchMap":{},"s":{"0":1},"f":{},"b":{},"_coverageSchema":"1a1c01bbd47fc00a2c39e90264f33305004495a9","hash":"cefb262f5d5092c37847c892ad2908cd25c4b738"}
,"/app/mixins/db.adapter.mixin.js": {"path":"/app/mixins/db.adapter.mixin.js","statementMap":{"0":{"start":{"line":1,"column":24},"end":{"line":1,"column":64}},"1":{"start":{"line":2,"column":18},"end":{"line":2,"column":41}},"2":{"start":{"line":4,"column":0},"end":{"line":7,"column":1}}},"fnMap":{},"branchMap":{"0":{"loc":{"start":{"line":6,"column":33},"end":{"line":6,"column":89}},"type":"binary-expr","locations":[{"start":{"line":6,"column":33},"end":{"line":6,"column":54}},{"start":{"line":6,"column":58},"end":{"line":6,"column":89}}],"line":6}},"s":{"0":1,"1":1,"2":1},"f":{},"b":{"0":[1,0]},"_coverageSchema":"1a1c01bbd47fc00a2c39e90264f33305004495a9","hash":"7503086ead87ff08a0011a1dc978c3ecd074c36c"}
,"/app/models/product.model.def.js": {"path":"/app/models/product.model.def.js","statementMap":{"0":{"start":{"line":1,"column":0},"end":{"line":23,"column":2}}},"fnMap":{},"branchMap":{},"s":{"0":1},"f":{},"b":{},"_coverageSchema":"1a1c01bbd47fc00a2c39e90264f33305004495a9","hash":"d8716b0692ac830dca78e478ca65de6641d06aa7"}
,"/app/models/product.model.js": {"path":"/app/models/product.model.js","statementMap":{"0":{"start":{"line":3,"column":15},"end":{"line":3,"column":34}},"1":{"start":{"line":4,"column":13},"end":{"line":4,"column":28}},"2":{"start":{"line":6,"column":31},"end":{"line":6,"column":61}},"3":{"start":{"line":7,"column":20},"end":{"line":12,"column":2}},"4":{"start":{"line":14,"column":0},"end":{"line":14,"column":62}},"5":{"start":{"line":16,"column":0},"end":{"line":16,"column":58}}},"fnMap":{},"branchMap":{},"s":{"0":1,"1":1,"2":1,"3":1,"4":1,"5":1},"f":{},"b":{},"_coverageSchema":"1a1c01bbd47fc00a2c39e90264f33305004495a9","hash":"84ea4ddc53eef35849693b5cf1588d727e1075c5"}
,"/app/services/products.service.js": {"path":"/app/services/products.service.js","statementMap":{"0":{"start":{"line":1,"column":16},"end":{"line":1,"column":50}},"1":{"start":{"line":2,"column":18},"end":{"line":2,"column":55}},"2":{"start":{"line":3,"column":13},"end":{"line":3,"column":35}},"3":{"start":{"line":4,"column":10},"end":{"line":4,"column":27}},"4":{"start":{"line":5,"column":36},"end":{"line":5,"column":59}},"5":{"start":{"line":6,"column":0},"end":{"line":56,"column":1}},"6":{"start":{"line":17,"column":16},"end":{"line":17,"column":62}},"7":{"start":{"line":17,"column":54},"end":{"line":17,"column":60}},"8":{"start":{"line":23,"column":90},"end":{"line":23,"column":100}},"9":{"start":{"line":24,"column":16},"end":{"line":24,"column":124}},"10":{"start":{"line":30,"column":12},"end":{"line":47,"column":13}},"11":{"start":{"line":31,"column":16},"end":{"line":31,"column":85}},"12":{"start":{"line":32,"column":33},"end":{"line":42,"column":19}},"13":{"start":{"line":33,"column":36},"end":{"line":40,"column":21}},"14":{"start":{"line":41,"column":20},"end":{"line":41,"column":35}},"15":{"start":{"line":43,"column":16},"end":{"line":43,"column":77}},"16":{"start":{"line":44,"column":16},"end":{"line":44,"column":41}},"17":{"start":{"line":46,"column":16},"end":{"line":46,"column":33}},"18":{"start":{"line":51,"column":22},"end":{"line":51,"column":48}},"19":{"start":{"line":52,"column":8},"end":{"line":54,"column":9}},"20":{"start":{"line":53,"column":12},"end":{"line":53,"column":45}}},"fnMap":{"0":{"name":"(anonymous_0)","decl":{"start":{"line":16,"column":12},"end":{"line":16,"column":13}},"loc":{"start":{"line":16,"column":25},"end":{"line":18,"column":13}},"line":16},"1":{"name":"(anonymous_1)","decl":{"start":{"line":17,"column":48},"end":{"line":17,"column":49}},"loc":{"start":{"line":17,"column":54},"end":{"line":17,"column":60}},"line":17},"2":{"name":"(anonymous_2)","decl":{"start":{"line":22,"column":12},"end":{"line":22,"column":13}},"loc":{"start":{"line":22,"column":25},"end":{"line":25,"column":13}},"line":22},"3":{"name":"(anonymous_3)","decl":{"start":{"line":29,"column":8},"end":{"line":29,"column":9}},"loc":{"start":{"line":29,"column":35},"end":{"line":48,"column":9}},"line":29},"4":{"name":"(anonymous_4)","decl":{"start":{"line":32,"column":76},"end":{"line":32,"column":77}},"loc":{"start":{"line":32,"column":82},"end":{"line":42,"column":17}},"line":32},"5":{"name":"(anonymous_5)","decl":{"start":{"line":50,"column":4},"end":{"line":50,"column":5}},"loc":{"start":{"line":50,"column":27},"end":{"line":55,"column":5}},"line":50}},"branchMap":{"0":{"loc":{"start":{"line":23,"column":22},"end":{"line":23,"column":30}},"type":"default-arg","locations":[{"start":{"line":23,"column":29},"end":{"line":23,"column":30}}],"line":23},"1":{"loc":{"start":{"line":23,"column":32},"end":{"line":23,"column":51}},"type":"default-arg","locations":[{"start":{"line":23,"column":43},"end":{"line":23,"column":51}}],"line":23},"2":{"loc":{"start":{"line":23,"column":53},"end":{"line":23,"column":71}},"type":"default-arg","locations":[{"start":{"line":23,"column":60},"end":{"line":23,"column":71}}],"line":23},"3":{"loc":{"start":{"line":23,"column":73},"end":{"line":23,"column":85}},"type":"default-arg","locations":[{"start":{"line":23,"column":81},"end":{"line":23,"column":85}}],"line":23},"4":{"loc":{"start":{"line":52,"column":8},"end":{"line":54,"column":9}},"type":"if","locations":[{"start":{"line":52,"column":8},"end":{"line":54,"column":9}},{"start":{"line":52,"column":8},"end":{"line":54,"column":9}}],"line":52}},"s":{"0":1,"1":1,"2":1,"3":1,"4":1,"5":1,"6":1,"7":1,"8":4,"9":4,"10":1,"11":1,"12":1,"13":100,"14":100,"15":1,"16":1,"17":0,"18":1,"19":1,"20":1},"f":{"0":1,"1":1,"2":4,"3":1,"4":100,"5":1},"b":{"0":[2],"1":[4],"2":[4],"3":[2],"4":[1,0]},"_coverageSchema":"1a1c01bbd47fc00a2c39e90264f33305004495a9","hash":"d61f8cb1ee1a5443415fee716abf92a1db81e028"}
}
