TN:
SF:constants.js
FNF:0
FNH:0
DA:2,1
LF:1
LH:1
BRF:0
BRH:0
end_of_record
TN:
SF:mixins/db.adapter.mixin.js
FNF:0
FNH:0
DA:1,1
DA:2,1
DA:4,1
LF:3
LH:3
BRDA:6,0,0,1
BRDA:6,0,1,0
BRF:2
BRH:1
end_of_record
TN:
SF:models/product.model.def.js
FNF:0
FNH:0
DA:1,1
LF:1
LH:1
BRF:0
BRH:0
end_of_record
TN:
SF:models/product.model.js
FNF:0
FNH:0
DA:3,1
DA:4,1
DA:6,1
DA:7,1
DA:14,1
DA:16,1
LF:6
LH:6
BRF:0
BRH:0
end_of_record
TN:
SF:services/products.service.js
FN:16,(anonymous_0)
FN:17,(anonymous_1)
FN:22,(anonymous_2)
FN:29,(anonymous_3)
FN:32,(anonymous_4)
FN:50,(anonymous_5)
FNF:6
FNH:6
FNDA:1,(anonymous_0)
FNDA:1,(anonymous_1)
FNDA:4,(anonymous_2)
FNDA:1,(anonymous_3)
FNDA:100,(anonymous_4)
FNDA:1,(anonymous_5)
DA:1,1
DA:2,1
DA:3,1
DA:4,1
DA:5,1
DA:6,1
DA:17,1
DA:23,4
DA:24,4
DA:30,1
DA:31,1
DA:32,1
DA:33,100
DA:41,100
DA:43,1
DA:44,1
DA:46,0
DA:51,1
DA:52,1
DA:53,1
LF:20
LH:19
BRDA:23,0,0,2
BRDA:23,1,0,4
BRDA:23,2,0,4
BRDA:23,3,0,2
BRDA:52,4,0,1
BRDA:52,4,1,0
BRF:6
BRH:5
end_of_record
